<?xml version="1.0" encoding="UTF-8"?>
<!-- Generated by org.testng.reporters.JUnitXMLReporter -->
<testsuite ignored="0" hostname="Ameyas-MBP.fritz.box" failures="0" tests="6" name="Default test" time="15.277" errors="0" timestamp="2025-10-01T11:45:48 CEST">
  <testcase classname="api.test.DataDrivenTest" name="testPostuser" time="4.749"/>
  <testcase classname="api.test.DataDrivenTest" name="testPostuser" time="0.61"/>
  <testcase classname="api.test.DataDrivenTest" name="testPostuser" time="0.622"/>
  <testcase classname="api.test.DataDrivenTest" name="testDeleteUserByName" time="1.345"/>
  <testcase classname="api.test.DataDrivenTest" name="testDeleteUserByName" time="0.604"/>
  <testcase classname="api.test.DataDrivenTest" name="testDeleteUserByName" time="0.591"/>
</testsuite> <!-- Default test -->
