<?xml version="1.0" encoding="UTF-8"?>
<!-- Generated by org.testng.reporters.JUnitXMLReporter -->
<testsuite ignored="0" hostname="Ameyas-MBP.fritz.box" failures="0" tests="4" name="Default test" time="9.692" errors="0" timestamp="2025-09-30T15:13:43 CEST">
  <testcase classname="api.test.UserTests" name="testPostUser" time="6.265"/>
  <testcase classname="api.test.UserTests" name="testgetUserByName" time="0.778"/>
  <testcase classname="api.test.UserTests" name="testUpdateUserByName" time="1.23"/>
  <testcase classname="api.test.UserTests" name="testDeleteUserByName" time="0.631"/>
</testsuite> <!-- Default test -->
