<?xml version="1.0" encoding="UTF-8"?>
<!-- Generated by org.testng.reporters.JUnitXMLReporter -->
<testsuite ignored="0" hostname="Ameyas-MBP.fritz.box" failures="0" tests="4" name="PetTestsUsingPropertyfile" time="8.333" errors="0" timestamp="2025-10-01T15:57:26 CEST">
  <testcase classname="api.test.UserTestTwo" name="testPostUser" time="3.824"/>
  <testcase classname="api.test.UserTestTwo" name="testGetUserByName" time="0.648"/>
  <testcase classname="api.test.UserTestTwo" name="testUpdateUserByName" time="1.448"/>
  <testcase classname="api.test.UserTestTwo" name="testDeleteUserByName" time="1.44"/>
</testsuite> <!-- PetTestsUsingPropertyfile -->
