<?xml version="1.0" encoding="UTF-8"?>
<testng-results ignored="0" total="6" passed="6" failed="0" skipped="0">
  <reporter-output>
  </reporter-output>
  <suite started-at="2025-10-01T11:42:34 CEST" name="Default suite" finished-at="2025-10-01T11:42:48 CEST" duration-ms="13882">
    <groups>
      <group name="createUser">
        <method signature="DataDrivenTest.testPostuser(java.lang.String,java.lang.String,java.lang.String,java.lang.String,java.lang.String,java.lang.String,java.lang.String)[pri:1, instance:api.test.DataDrivenTest@49ec71f8]" name="testPostuser" class="api.test.DataDrivenTest"/>
      </group> <!-- createUser -->
    </groups>
    <test started-at="2025-10-01T11:42:34 CEST" name="Default test" finished-at="2025-10-01T11:42:48 CEST" duration-ms="13882">
      <class name="api.test.DataDrivenTest">
        <test-method signature="testPostuser(java.lang.String,java.lang.String,java.lang.String,java.lang.String,java.lang.String,java.lang.String,java.lang.String)[pri:1, instance:api.test.DataDrivenTest@49ec71f8]" started-at="2025-10-01T11:42:38 CEST" name="testPostuser" data-provider="Data" finished-at="2025-10-01T11:42:43 CEST" duration-ms="4334" status="PASS">
          <params>
            <param index="0">
              <value>
                <![CDATA[1011]]>
              </value>
            </param>
            <param index="1">
              <value>
                <![CDATA[testuser1]]>
              </value>
            </param>
            <param index="2">
              <value>
                <![CDATA[Tim]]>
              </value>
            </param>
            <param index="3">
              <value>
                <![CDATA[Redden]]>
              </value>
            </param>
            <param index="4">
              <value>
                <![CDATA[a@gmail.com]]>
              </value>
            </param>
            <param index="5">
              <value>
                <![CDATA[test@123]]>
              </value>
            </param>
            <param index="6">
              <value>
                <![CDATA[87889987653]]>
              </value>
            </param>
          </params>
          <reporter-output>
          </reporter-output>
        </test-method> <!-- testPostuser -->
        <test-method signature="testPostuser(java.lang.String,java.lang.String,java.lang.String,java.lang.String,java.lang.String,java.lang.String,java.lang.String)[pri:1, instance:api.test.DataDrivenTest@49ec71f8]" started-at="2025-10-01T11:42:43 CEST" name="testPostuser" data-provider="Data" finished-at="2025-10-01T11:42:44 CEST" duration-ms="793" status="PASS">
          <params>
            <param index="0">
              <value>
                <![CDATA[1012]]>
              </value>
            </param>
            <param index="1">
              <value>
                <![CDATA[testuser2]]>
              </value>
            </param>
            <param index="2">
              <value>
                <![CDATA[Tom]]>
              </value>
            </param>
            <param index="3">
              <value>
                <![CDATA[Lee]]>
              </value>
            </param>
            <param index="4">
              <value>
                <![CDATA[b@gmail.com]]>
              </value>
            </param>
            <param index="5">
              <value>
                <![CDATA[test@124]]>
              </value>
            </param>
            <param index="6">
              <value>
                <![CDATA[87889987654]]>
              </value>
            </param>
          </params>
          <reporter-output>
          </reporter-output>
        </test-method> <!-- testPostuser -->
        <test-method signature="testPostuser(java.lang.String,java.lang.String,java.lang.String,java.lang.String,java.lang.String,java.lang.String,java.lang.String)[pri:1, instance:api.test.DataDrivenTest@49ec71f8]" started-at="2025-10-01T11:42:44 CEST" name="testPostuser" data-provider="Data" finished-at="2025-10-01T11:42:44 CEST" duration-ms="616" status="PASS">
          <params>
            <param index="0">
              <value>
                <![CDATA[1013]]>
              </value>
            </param>
            <param index="1">
              <value>
                <![CDATA[testuser3]]>
              </value>
            </param>
            <param index="2">
              <value>
                <![CDATA[Sim]]>
              </value>
            </param>
            <param index="3">
              <value>
                <![CDATA[Adam]]>
              </value>
            </param>
            <param index="4">
              <value>
                <![CDATA[c@gmail.com]]>
              </value>
            </param>
            <param index="5">
              <value>
                <![CDATA[test@125]]>
              </value>
            </param>
            <param index="6">
              <value>
                <![CDATA[87889987655]]>
              </value>
            </param>
          </params>
          <reporter-output>
          </reporter-output>
        </test-method> <!-- testPostuser -->
        <test-method signature="testDeleteUserByName(java.lang.String)[pri:2, instance:api.test.DataDrivenTest@49ec71f8]" started-at="2025-10-01T11:42:44 CEST" name="testDeleteUserByName" data-provider="UserNames" depends-on-groups="createUser" finished-at="2025-10-01T11:42:46 CEST" duration-ms="1272" status="PASS">
          <params>
            <param index="0">
              <value>
                <![CDATA[testuser1]]>
              </value>
            </param>
          </params>
          <reporter-output>
          </reporter-output>
        </test-method> <!-- testDeleteUserByName -->
        <test-method signature="testDeleteUserByName(java.lang.String)[pri:2, instance:api.test.DataDrivenTest@49ec71f8]" started-at="2025-10-01T11:42:46 CEST" name="testDeleteUserByName" data-provider="UserNames" depends-on-groups="createUser" finished-at="2025-10-01T11:42:47 CEST" duration-ms="1232" status="PASS">
          <params>
            <param index="0">
              <value>
                <![CDATA[testuser2]]>
              </value>
            </param>
          </params>
          <reporter-output>
          </reporter-output>
        </test-method> <!-- testDeleteUserByName -->
        <test-method signature="testDeleteUserByName(java.lang.String)[pri:2, instance:api.test.DataDrivenTest@49ec71f8]" started-at="2025-10-01T11:42:47 CEST" name="testDeleteUserByName" data-provider="UserNames" depends-on-groups="createUser" finished-at="2025-10-01T11:42:48 CEST" duration-ms="1223" status="PASS">
          <params>
            <param index="0">
              <value>
                <![CDATA[testuser3]]>
              </value>
            </param>
          </params>
          <reporter-output>
          </reporter-output>
        </test-method> <!-- testDeleteUserByName -->
      </class> <!-- api.test.DataDrivenTest -->
    </test> <!-- Default test -->
  </suite> <!-- Default suite -->
</testng-results>
